  [1m[36mSQL (0.4ms)[0m  [1mSHOW TABLES[0m
  [1m[35mSQL (17.6ms)[0m  CREATE TABLE `schema_migrations` (`version` varchar(255) NOT NULL) ENGINE=InnoDB
  [1m[36mSQL (0.4ms)[0m  [1mSHOW KEYS FROM `schema_migrations`[0m
  [1m[35mSQL (8.8ms)[0m  CREATE UNIQUE INDEX `unique_schema_migrations` ON `schema_migrations` (`version`)
  [1m[36mSQL (0.4ms)[0m  [1mSHOW TABLES[0m
  [1m[35mSQL (0.2ms)[0m  SHOW TABLES
  [1m[36mSQL (0.2ms)[0m  [1mSELECT `schema_migrations`.`version` FROM `schema_migrations`[0m
Migrating to CreateZones (20110111132047)
  [1m[35mSQL (3.5ms)[0m  CREATE TABLE `zones` (`id` int(11) DEFAULT NULL auto_increment PRIMARY KEY, `origin` varchar(255) NOT NULL, `master` varchar(255) NOT NULL, `ns` varchar(255) NOT NULL, `mbox` varchar(255) NOT NULL, `serial` int(11) DEFAULT 1 NOT NULL, `refresh` int(11) DEFAULT 10800 NOT NULL, `retry` int(11) DEFAULT 3600 NOT NULL, `expire` int(11) DEFAULT 604800 NOT NULL, `ttl` int(11) DEFAULT 3600 NOT NULL, `active` tinyint(1) DEFAULT 1 NOT NULL, `created_at` datetime, `updated_at` datetime, `zone_type_id` int(11)) ENGINE=InnoDB
  [1m[36mSQL (0.4ms)[0m  [1mSHOW KEYS FROM `zones`[0m
  [1m[35mSQL (8.7ms)[0m  CREATE INDEX `index_zones_on_origin` ON `zones` (`origin`)
  [1m[36mSQL (0.3ms)[0m  [1mINSERT INTO `schema_migrations` (`version`) VALUES ('20110111132047')[0m
  [1m[35mSQL (0.5ms)[0m  SHOW TABLES
  [1m[36mSQL (0.1ms)[0m  [1mSELECT `schema_migrations`.`version` FROM `schema_migrations`[0m
  [1m[35mSQL (0.2ms)[0m  SHOW TABLES
  [1m[36mSQL (1.8ms)[0m  [1mdescribe `zones`[0m
  [1m[35mSQL (0.4ms)[0m  SHOW KEYS FROM `zones`
  [1m[36mSQL (0.3ms)[0m  [1mSHOW TABLES[0m
  [1m[35mSQL (0.2ms)[0m  SHOW TABLES
  [1m[36mSQL (0.2ms)[0m  [1mSELECT `schema_migrations`.`version` FROM `schema_migrations`[0m
Migrating to CreateZones (20110111132047)
Migrating to CreateZoneTypes (20110111135646)
  [1m[35mSQL (12.9ms)[0m  CREATE TABLE `zone_types` (`id` int(11) DEFAULT NULL auto_increment PRIMARY KEY, `name` varchar(255) DEFAULT 'MASTER' NOT NULL, `created_at` datetime, `updated_at` datetime) ENGINE=InnoDB
  [1m[36mSQL (0.4ms)[0m  [1mSHOW KEYS FROM `zone_types`[0m
  [1m[35mSQL (8.9ms)[0m  CREATE INDEX `index_zone_types_on_name` ON `zone_types` (`name`)
  [1m[36mSQL (0.4ms)[0m  [1mINSERT INTO `schema_migrations` (`version`) VALUES ('20110111135646')[0m
  [1m[35mSQL (0.4ms)[0m  SHOW TABLES
  [1m[36mSQL (0.2ms)[0m  [1mSELECT `schema_migrations`.`version` FROM `schema_migrations`[0m
  [1m[35mSQL (0.4ms)[0m  SHOW TABLES
  [1m[36mSQL (1.2ms)[0m  [1mdescribe `zone_types`[0m
  [1m[35mSQL (0.3ms)[0m  SHOW KEYS FROM `zone_types`
  [1m[36mSQL (1.4ms)[0m  [1mdescribe `zones`[0m
  [1m[35mSQL (0.3ms)[0m  SHOW KEYS FROM `zones`
  [1m[36mSQL (0.3ms)[0m  [1mSHOW TABLES[0m
  [1m[35mSQL (0.2ms)[0m  SHOW TABLES
  [1m[36mSQL (0.3ms)[0m  [1mSELECT `schema_migrations`.`version` FROM `schema_migrations`[0m
  [1m[35mSQL (0.3ms)[0m  SHOW TABLES
  [1m[36mSQL (0.1ms)[0m  [1mSELECT `schema_migrations`.`version` FROM `schema_migrations`[0m
  [1m[35mSQL (0.2ms)[0m  SHOW TABLES
  [1m[36mSQL (0.2ms)[0m  [1mSELECT `schema_migrations`.`version` FROM `schema_migrations`[0m
Migrating to CreateZoneTypes (20110111135646)
  [1m[35mSQL (0.9ms)[0m  DROP TABLE `zone_types`
  [1m[36mAREL (0.6ms)[0m  [1mDELETE FROM `schema_migrations` WHERE `schema_migrations`.`version` = '20110111135646'[0m
  [1m[35mSQL (0.4ms)[0m  SHOW TABLES
  [1m[36mSQL (0.1ms)[0m  [1mSELECT `schema_migrations`.`version` FROM `schema_migrations`[0m
  [1m[35mSQL (0.2ms)[0m  SHOW TABLES
  [1m[36mSQL (1.3ms)[0m  [1mdescribe `zones`[0m
  [1m[35mSQL (0.2ms)[0m  SHOW KEYS FROM `zones`
  [1m[36mSQL (0.4ms)[0m  [1mSHOW TABLES[0m
  [1m[35mSQL (0.2ms)[0m  SHOW TABLES
  [1m[36mSQL (0.2ms)[0m  [1mSELECT `schema_migrations`.`version` FROM `schema_migrations`[0m
Migrating to CreateZones (20110111132047)
Migrating to CreateZoneTypes (20110111135646)
  [1m[35mSQL (11.7ms)[0m  CREATE TABLE `zone_types` (`id` int(11) DEFAULT NULL auto_increment PRIMARY KEY, `name` varchar(255) NOT NULL, `created_at` datetime, `updated_at` datetime) ENGINE=InnoDB
  [1m[36mSQL (0.4ms)[0m  [1mSHOW KEYS FROM `zone_types`[0m
  [1m[35mSQL (7.6ms)[0m  CREATE INDEX `index_zone_types_on_name` ON `zone_types` (`name`)
  [1m[36mSQL (0.3ms)[0m  [1mINSERT INTO `schema_migrations` (`version`) VALUES ('20110111135646')[0m
  [1m[35mSQL (0.4ms)[0m  SHOW TABLES
  [1m[36mSQL (0.2ms)[0m  [1mSELECT `schema_migrations`.`version` FROM `schema_migrations`[0m
  [1m[35mSQL (0.2ms)[0m  SHOW TABLES
  [1m[36mSQL (0.9ms)[0m  [1mdescribe `zone_types`[0m
  [1m[35mSQL (0.2ms)[0m  SHOW KEYS FROM `zone_types`
  [1m[36mSQL (1.8ms)[0m  [1mdescribe `zones`[0m
  [1m[35mSQL (0.3ms)[0m  SHOW KEYS FROM `zones`
  [1m[36mSQL (0.3ms)[0m  [1mSHOW TABLES[0m
  [1m[35mSQL (0.2ms)[0m  SHOW TABLES
  [1m[36mSQL (0.3ms)[0m  [1mSELECT `schema_migrations`.`version` FROM `schema_migrations`[0m
Migrating to CreateZones (20110111132047)
Migrating to CreateZoneTypes (20110111135646)
  [1m[35mSQL (0.4ms)[0m  SHOW TABLES
  [1m[36mSQL (0.3ms)[0m  [1mSELECT `schema_migrations`.`version` FROM `schema_migrations`[0m
  [1m[35mSQL (0.2ms)[0m  SHOW TABLES
  [1m[36mSQL (0.8ms)[0m  [1mdescribe `zone_types`[0m
  [1m[35mSQL (0.2ms)[0m  SHOW KEYS FROM `zone_types`
  [1m[36mSQL (1.6ms)[0m  [1mdescribe `zones`[0m
  [1m[35mSQL (0.2ms)[0m  SHOW KEYS FROM `zones`
  [1m[36mSQL (0.4ms)[0m  [1mSHOW TABLES[0m
  [1m[35mSQL (0.3ms)[0m  SHOW TABLES
  [1m[36mSQL (0.2ms)[0m  [1mSELECT `schema_migrations`.`version` FROM `schema_migrations`[0m
  [1m[35mSQL (0.2ms)[0m  SHOW TABLES
  [1m[36mSQL (0.1ms)[0m  [1mSELECT `schema_migrations`.`version` FROM `schema_migrations`[0m
Migrating to CreateZoneTypes (20110111135646)
  [1m[35mSQL (0.9ms)[0m  DROP TABLE `zone_types`
  [1m[36mAREL (0.5ms)[0m  [1mDELETE FROM `schema_migrations` WHERE `schema_migrations`.`version` = '20110111135646'[0m
  [1m[35mSQL (0.4ms)[0m  SHOW TABLES
  [1m[36mSQL (0.1ms)[0m  [1mSELECT `schema_migrations`.`version` FROM `schema_migrations`[0m
  [1m[35mSQL (0.2ms)[0m  SHOW TABLES
  [1m[36mSQL (1.2ms)[0m  [1mdescribe `zones`[0m
  [1m[35mSQL (0.2ms)[0m  SHOW KEYS FROM `zones`
  [1m[36mSQL (0.3ms)[0m  [1mSHOW TABLES[0m
  [1m[35mSQL (0.2ms)[0m  SHOW TABLES
  [1m[36mSQL (0.2ms)[0m  [1mSELECT `schema_migrations`.`version` FROM `schema_migrations`[0m
  [1m[35mSQL (0.2ms)[0m  SHOW TABLES
  [1m[36mSQL (0.1ms)[0m  [1mSELECT `schema_migrations`.`version` FROM `schema_migrations`[0m
Migrating to CreateZones (20110111132047)
  [1m[35mSQL (0.9ms)[0m  DROP TABLE `zones`
  [1m[36mAREL (0.4ms)[0m  [1mDELETE FROM `schema_migrations` WHERE `schema_migrations`.`version` = '20110111132047'[0m
  [1m[35mSQL (0.4ms)[0m  SHOW TABLES
  [1m[36mSQL (0.1ms)[0m  [1mSELECT `schema_migrations`.`version` FROM `schema_migrations`[0m
  [1m[35mSQL (0.2ms)[0m  SHOW TABLES
  [1m[36mSQL (0.3ms)[0m  [1mSHOW TABLES[0m
  [1m[35mSQL (0.2ms)[0m  SHOW TABLES
  [1m[36mSQL (0.2ms)[0m  [1mSELECT `schema_migrations`.`version` FROM `schema_migrations`[0m
Migrating to CreateZones (20110111132047)
  [1m[35mSQL (12.3ms)[0m  CREATE TABLE `zones` (`id` int(11) DEFAULT NULL auto_increment PRIMARY KEY, `name` varchar(255) NOT NULL, `master` varchar(255), `mname` varchar(255) NOT NULL, `rname` varchar(255) NOT NULL, `serial` int(11) NOT NULL, `refresh` int(11) DEFAULT 10800 NOT NULL, `retry` int(11) DEFAULT 3600 NOT NULL, `expire` int(11) DEFAULT 604800 NOT NULL, `minimum` int(11) DEFAULT 3600 NOT NULL, `active` tinyint(1) DEFAULT 1 NOT NULL, `created_at` datetime, `updated_at` datetime, `zone_type_id` int(11) DEFAULT 1 NOT NULL) ENGINE=InnoDB
  [1m[36mSQL (0.6ms)[0m  [1mSHOW KEYS FROM `zones`[0m
  [1m[35mSQL (10.3ms)[0m  CREATE INDEX `index_zones_on_name` ON `zones` (`name`)
  [1m[36mSQL (0.4ms)[0m  [1mINSERT INTO `schema_migrations` (`version`) VALUES ('20110111132047')[0m
Migrating to CreateZoneTypes (20110111135646)
  [1m[35mSQL (3.3ms)[0m  CREATE TABLE `zone_types` (`id` int(11) DEFAULT NULL auto_increment PRIMARY KEY, `name` varchar(255) NOT NULL, `created_at` datetime, `updated_at` datetime) ENGINE=InnoDB
  [1m[36mSQL (0.5ms)[0m  [1mSHOW KEYS FROM `zone_types`[0m
  [1m[35mSQL (8.1ms)[0m  CREATE INDEX `index_zone_types_on_name` ON `zone_types` (`name`)
  [1m[36mSQL (0.4ms)[0m  [1mINSERT INTO `schema_migrations` (`version`) VALUES ('20110111135646')[0m
  [1m[35mSQL (0.5ms)[0m  SHOW TABLES
  [1m[36mSQL (0.2ms)[0m  [1mSELECT `schema_migrations`.`version` FROM `schema_migrations`[0m
  [1m[35mSQL (0.2ms)[0m  SHOW TABLES
  [1m[36mSQL (0.8ms)[0m  [1mdescribe `zone_types`[0m
  [1m[35mSQL (0.2ms)[0m  SHOW KEYS FROM `zone_types`
  [1m[36mSQL (1.4ms)[0m  [1mdescribe `zones`[0m
  [1m[35mSQL (0.2ms)[0m  SHOW KEYS FROM `zones`
  [1m[36mSQL (1.0ms)[0m  [1mSHOW TABLES[0m
  [1m[35mZoneType Load (0.5ms)[0m  SELECT `zone_types`.* FROM `zone_types` WHERE (`zone_types`.`name` = 'NATIVE') LIMIT 1
  [1m[36mZone Load (0.3ms)[0m  [1mSELECT `zones`.`id` FROM `zones` WHERE (`zones`.`name` IS NULL) LIMIT 1[0m
  [1m[35mSQL (0.3ms)[0m  BEGIN
  [1m[36mSQL (2.2ms)[0m  [1mdescribe `zone_types`[0m
  [1m[35mAREL (0.4ms)[0m  INSERT INTO `zone_types` (`name`, `created_at`, `updated_at`) VALUES ('NATIVE', '2011-01-12 10:06:12', '2011-01-12 10:06:12')
  [1m[36mSQL (0.3ms)[0m  [1mCOMMIT[0m
  [1m[35mZone Load (0.4ms)[0m  SELECT `zones`.`id` FROM `zones` WHERE (`zones`.`name` IS NULL) LIMIT 1
  [1m[36mSQL (0.1ms)[0m  [1mBEGIN[0m
  [1m[35mSQL (1.0ms)[0m  SHOW TABLES
  [1m[36mSQL (1.4ms)[0m  [1mdescribe `zone_types`[0m
  [1m[35mAREL (0.5ms)[0m  INSERT INTO `zone_types` (`name`, `created_at`, `updated_at`) VALUES ('NATIVE', '2011-01-12 11:33:02', '2011-01-12 11:33:02')
  [1m[36mSQL (0.5ms)[0m  [1mCOMMIT[0m
  [1m[35mZone Load (0.4ms)[0m  SELECT `zones`.`id` FROM `zones` WHERE (`zones`.`name` = BINARY 'testzone.com') LIMIT 1
  [1m[36mZone Load (0.4ms)[0m  [1mSELECT `zones`.`id` FROM `zones` WHERE (`zones`.`name` IS NULL) LIMIT 1[0m
  [1m[36mSQL (0.2ms)[0m  [1mBEGIN[0m
  [1m[35mSQL (0.4ms)[0m  SHOW TABLES
  [1m[36mSQL (1.5ms)[0m  [1mdescribe `zone_types`[0m
  [1m[35mAREL (0.3ms)[0m  INSERT INTO `zone_types` (`name`, `created_at`, `updated_at`) VALUES ('NATIVE', '2011-01-12 11:34:48', '2011-01-12 11:34:48')
  [1m[36mSQL (0.2ms)[0m  [1mCOMMIT[0m
  [1m[35mZone Load (0.3ms)[0m  SELECT `zones`.`id` FROM `zones` WHERE (`zones`.`name` IS NULL) LIMIT 1
  [1m[36mZone Load (0.5ms)[0m  [1mSELECT `zones`.`id` FROM `zones` WHERE (`zones`.`name` = BINARY '*invalid*') LIMIT 1[0m
  [1m[36mSQL (1.1ms)[0m  [1mSHOW TABLES[0m
  [1m[35mSQL (0.2ms)[0m  SHOW TABLES
  [1m[36mSQL (0.3ms)[0m  [1mSELECT `schema_migrations`.`version` FROM `schema_migrations`[0m
  [1m[35mSQL (3.6ms)[0m  DROP DATABASE IF EXISTS `pak_test`
  [1m[36mSQL (0.3ms)[0m  [1mCREATE DATABASE `pak_test` DEFAULT CHARACTER SET `utf8`[0m
  [1m[35mSQL (0.2ms)[0m  SHOW TABLES
  [1m[36mSQL (2.3ms)[0m  [1mCREATE TABLE `zone_types` (`id` int(11) DEFAULT NULL auto_increment PRIMARY KEY, `name` varchar(255) NOT NULL, `created_at` datetime, `updated_at` datetime) ENGINE=InnoDB[0m
  [1m[35mSQL (0.3ms)[0m  SHOW KEYS FROM `zone_types`
  [1m[36mSQL (7.6ms)[0m  [1mCREATE INDEX `index_zone_types_on_name` ON `zone_types` (`name`)[0m
  [1m[35mSQL (0.4ms)[0m  SHOW TABLES
  [1m[36mSQL (3.3ms)[0m  [1mCREATE TABLE `zones` (`id` int(11) DEFAULT NULL auto_increment PRIMARY KEY, `name` varchar(255) NOT NULL, `master` varchar(255), `mname` varchar(255) NOT NULL, `rname` varchar(255) NOT NULL, `serial` int(11) NOT NULL, `refresh` int(11) DEFAULT 10800 NOT NULL, `retry` int(11) DEFAULT 3600 NOT NULL, `expire` int(11) DEFAULT 604800 NOT NULL, `minimum` int(11) DEFAULT 3600 NOT NULL, `active` tinyint(1) DEFAULT 1 NOT NULL, `created_at` datetime, `updated_at` datetime, `zone_type_id` int(11) DEFAULT 1 NOT NULL) ENGINE=InnoDB[0m
  [1m[35mSQL (0.3ms)[0m  SHOW KEYS FROM `zones`
  [1m[36mSQL (7.7ms)[0m  [1mCREATE INDEX `index_zones_on_name` ON `zones` (`name`)[0m
  [1m[35mSQL (0.4ms)[0m  SHOW TABLES
  [1m[36mSQL (2.8ms)[0m  [1mCREATE TABLE `schema_migrations` (`version` varchar(255) NOT NULL) ENGINE=InnoDB[0m
  [1m[35mSQL (0.4ms)[0m  SHOW KEYS FROM `schema_migrations`
  [1m[36mSQL (9.3ms)[0m  [1mCREATE UNIQUE INDEX `unique_schema_migrations` ON `schema_migrations` (`version`)[0m
  [1m[35mSQL (0.4ms)[0m  SHOW TABLES
  [1m[36mSQL (0.2ms)[0m  [1mSELECT version FROM `schema_migrations`[0m
  [1m[35mSQL (0.3ms)[0m  INSERT INTO `schema_migrations` (version) VALUES ('20110111135646')
  [1m[36mSQL (0.3ms)[0m  [1mINSERT INTO `schema_migrations` (version) VALUES ('20110111132047')[0m
